Arguments: 
  C:\Program Files\nodejs\node.exe C:\Users\Ahmet Ozan Tekin\AppData\Roaming\npm\node_modules\yarn\bin\yarn.js publish

PATH: 
  C:\Users\Ahmet Ozan Tekin\AppData\Roaming\npm;C:\Program Files\nodejs\;C:\Program Files (x86)\NVIDIA Corporation\PhysX\Common;C:\ProgramData\Oracle\Java\javapath;C:\Program Files\Broadcom\Broadcom 802.11 Network Adapter;C:\WINDOWS\system32;C:\WINDOWS;C:\WINDOWS\System32\Wbem;C:\WINDOWS\System32\WindowsPowerShell\v1.0\;C:\Program Files\Java\jdk1.8.0_60;C:\Program Files\nodejs\;C:\Program Files\Microsoft SQL Server\Client SDK\ODBC\110\Tools\Binn\;C:\Program Files (x86)\Microsoft SQL Server\120\Tools\Binn\;C:\Program Files\Microsoft SQL Server\120\Tools\Binn\;C:\Program Files\Microsoft SQL Server\120\DTS\Binn\;C:\Program Files (x86)\Microsoft SQL Server\120\Tools\Binn\ManagementStudio\;C:\Program Files (x86)\Microsoft SQL Server\120\DTS\Binn\;C:\WINDOWS\system32\config\systemprofile\.dnx\bin;C:\Program Files\Microsoft DNX\Dnvm\;C:\Program Files (x86)\Skype\Phone\;C:\Program Files\Git\cmd;C:\Program Files (x86)\Yarn\bin;C:\Users\Ahmet Ozan Tekin\.dnx\bin;C:\Program Files (x86)\Microsoft VS Code\bin;C:\Users\Ahmet Ozan Tekin\AppData\Roaming\npm;C:\Program Files\Git\bin;C:\Program Files\Git\cmd;C:\Program Files (x86)\git\cmd;C:\Users\Ahmet Ozan Tekin\AppData\Local\Microsoft\WindowsApps

Yarn version: 
  0.21.3

Node version: 
  4.2.2

Platform: 
  win32 x64

npm manifest: 
  {
    "name": "serdivan",
    "version": "1.0.0",
    "homepage": "http://ahmetozantekin.github.io/serdivan/",
    "description": "Attribute Based Simple Grid System",
    "keywords": [
      "css",
      "scss",
      "grid",
      "responsive",
      "framework",
      "attr",
      "attribute",
      "sass"
    ],
    "main": "dist/serdivan.min.css",
    "author": "@ahmetozantekin",
    "license": "MIT",
    "repository": {
      "type": "git",
      "url": "git+https://github.com/ahmetozantekin/serdivan.git"
    }
  }

yarn manifest: 
  No manifest

Lockfile: 
  # THIS IS AN AUTOGENERATED FILE. DO NOT EDIT THIS FILE DIRECTLY.
  # yarn lockfile v1

Trace: 
  Error: https://registry.yarnpkg.com/serdivan: "You cannot publish over the previously published version 1.0.0."
      at Request.params.callback [as _callback] (C:\Users\Ahmet Ozan Tekin\AppData\Roaming\npm\node_modules\yarn\lib-legacy\util\request-manager.js:325:18)
      at Request.self.callback (C:\Users\Ahmet Ozan Tekin\AppData\Roaming\npm\node_modules\yarn\node_modules\request\request.js:188:22)
      at emitTwo (events.js:87:13)
      at Request.emit (events.js:172:7)
      at Request.<anonymous> (C:\Users\Ahmet Ozan Tekin\AppData\Roaming\npm\node_modules\yarn\node_modules\request\request.js:1171:10)
      at emitOne (events.js:77:13)
      at Request.emit (events.js:169:7)
      at Gunzip.<anonymous> (C:\Users\Ahmet Ozan Tekin\AppData\Roaming\npm\node_modules\yarn\node_modules\request\request.js:1091:12)
      at Gunzip.g (events.js:260:16)
      at emitNone (events.js:72:20)
